2020-03-09 11:47:15 INFO  index.js file called. 
2020-03-09 11:47:15 INFO  SERVER started AT 4000 
2020-03-09 11:47:32 INFO  index.js file called. 
2020-03-09 11:47:32 INFO  SERVER started AT 4000 
2020-03-09 11:47:34 INFO  getAccounts api called in controller file. data: {params: {"name":"The Burlington Textiles Corp of America","phone":"93041347439","accountnumber":"77777777777777"}} 
2020-03-09 11:47:49 INFO  index.js file called. 
2020-03-09 11:47:49 INFO  SERVER started AT 4000 
2020-03-09 11:47:51 INFO  getAccounts api called in controller file. data: {params: {}} 
2020-03-09 11:48:37 INFO  index.js file called. 
2020-03-09 11:48:37 INFO  SERVER started AT 4000 
2020-03-09 11:48:40 INFO  getAccounts api called in controller file. data: {query: {} , body: [object Object]} 
2020-03-09 11:49:03 INFO  index.js file called. 
2020-03-09 11:49:03 INFO  SERVER started AT 4000 
2020-03-09 11:49:05 INFO  getAccounts api called in controller file. data: {query: {} , body: {"name":"The Burlington Textiles Corp of America","phone":"93041347439","accountnumber":"77777777777777"}} 
2020-03-09 11:50:27 INFO  index.js file called. 
2020-03-09 11:50:27 INFO  SERVER started AT 4000 
2020-03-09 11:51:15 INFO  index.js file called. 
2020-03-09 11:51:15 INFO  SERVER started AT 4000 
2020-03-09 11:51:23 INFO  getAccounts api called in controller file. data: {query: {} , body: {"name":"The Burlington Textiles Corp of America","phone":"93041347439","accountnumber":"77777777777777"} , headers: {"x-access-token":"eyJhbGciOiJIUzI1NiIsInR5cCI6IkpXVCJ9.eyJ1c2VySWQiOiI1ZTYwY2ZmZjE5YTlhNTA3YzAxOTljOWQiLCJpYXQiOjE1ODM0OTA0MDUsImV4cCI6MTU4MzQ5NDAwNX0.vMLV6NZhJc6InlsXmbk1dqeLeTOjH5t34SFfL846fm8","content-type":"application/json","user-agent":"PostmanRuntime/7.22.0","accept":"*/*","cache-control":"no-cache","postman-token":"6bb27261-02e4-4faf-bb5d-8f1fdb2eb565","host":"localhost:4000","accept-encoding":"gzip, deflate, br","content-length":"122","connection":"keep-alive"}} ,userId: undefined 
2020-03-09 11:52:09 INFO  index.js file called. 
2020-03-09 11:52:09 INFO  SERVER started AT 4000 
2020-03-09 11:52:52 INFO  index.js file called. 
2020-03-09 11:52:52 INFO  SERVER started AT 4000 
2020-03-09 11:52:55 INFO  getAccounts api called in controller file. data: {query: {} , body: {"name":"The Burlington Textiles Corp of America","phone":"93041347439","accountnumber":"77777777777777"} , headers: {"x-access-token":"eyJhbGciOiJIUzI1NiIsInR5cCI6IkpXVCJ9.eyJ1c2VySWQiOiI1ZTYwY2ZmZjE5YTlhNTA3YzAxOTljOWQiLCJpYXQiOjE1ODM0OTA0MDUsImV4cCI6MTU4MzQ5NDAwNX0.vMLV6NZhJc6InlsXmbk1dqeLeTOjH5t34SFfL846fm8","content-type":"application/json","user-agent":"PostmanRuntime/7.22.0","accept":"*/*","cache-control":"no-cache","postman-token":"054437b0-1afd-4e2e-aee2-40506654b7ca","host":"localhost:4000","accept-encoding":"gzip, deflate, br","content-length":"122","connection":"keep-alive"}} ,userId:  
2020-03-09 11:53:06 INFO  index.js file called. 
2020-03-09 11:53:06 INFO  SERVER started AT 4000 
2020-03-09 11:54:07 INFO  index.js file called. 
2020-03-09 11:54:07 INFO  SERVER started AT 4000 
2020-03-09 11:55:01 INFO  index.js file called. 
2020-03-09 11:55:01 INFO  SERVER started AT 4000 
2020-03-09 11:55:39 INFO  index.js file called. 
2020-03-09 11:55:39 INFO  SERVER started AT 4000 
2020-03-09 11:55:47 INFO  index.js file called. 
2020-03-09 11:55:47 INFO  SERVER started AT 4000 
2020-03-09 11:55:53 INFO  index.js file called. 
2020-03-09 11:55:53 INFO  SERVER started AT 4000 
2020-03-09 11:58:02 INFO  index.js file called. 
2020-03-09 11:58:02 INFO  SERVER started AT 4000 
2020-03-09 11:58:21 INFO  index.js file called. 
2020-03-09 11:58:21 INFO  SERVER started AT 4000 
